<?xml version="1.0" encoding="UTF-8"?>
<testng-results ignored="0" total="1" passed="1" failed="0" skipped="0">
  <reporter-output>
  </reporter-output>
  <suite started-at="2022-10-12T19:44:43 IST" name="Default suite" finished-at="2022-10-12T19:46:42 IST" duration-ms="118918">
    <groups>
    </groups>
    <test started-at="2022-10-12T19:44:43 IST" name="Default test" finished-at="2022-10-12T19:46:42 IST" duration-ms="118918">
      <class name="testRunnerPckge.UserRegistrtionRuner">
        <test-method is-config="true" signature="openSetUp()[pri:0, instance:testRunnerPckge.UserRegistrtionRuner@13fd2ccd]" started-at="2022-10-12T19:44:43 IST" name="openSetUp" finished-at="2022-10-12T19:44:47 IST" duration-ms="3873" status="PASS">
          <reporter-output>
          </reporter-output>
        </test-method> <!-- openSetUp -->
        <test-method signature="profileRegstionTest(java.lang.String,java.lang.String,java.lang.String,java.lang.String,java.lang.String,java.lang.String,java.lang.String,java.lang.String,java.lang.String,java.lang.String,java.lang.String,java.lang.String,java.lang.String,java.lang.String,java.lang.String)[pri:0, instance:testRunnerPckge.UserRegistrtionRuner@13fd2ccd]" started-at="2022-10-12T19:44:48 IST" name="profileRegstionTest" data-provider="getData" finished-at="2022-10-12T19:46:42 IST" duration-ms="114275" status="PASS">
          <params>
            <param index="0">
              <value>
                <![CDATA[Johns654]]>
              </value>
            </param>
            <param index="1">
              <value>
                <![CDATA[Test@654]]>
              </value>
            </param>
            <param index="2">
              <value>
                <![CDATA[Test@654]]>
              </value>
            </param>
            <param index="3">
              <value>
                <![CDATA[Raja]]>
              </value>
            </param>
            <param index="4">
              <value>
                <![CDATA[John]]>
              </value>
            </param>
            <param index="5">
              <value>
                <![CDATA[Anthony]]>
              </value>
            </param>
            <param index="6">
              <value>
                <![CDATA[Cena]]>
              </value>
            </param>
            <param index="7">
              <value>
                <![CDATA[farhabegum586@gmail.com]]>
              </value>
            </param>
            <param index="8">
              <value>
                <![CDATA[7624317649]]>
              </value>
            </param>
            <param index="9">
              <value>
                <![CDATA[867]]>
              </value>
            </param>
            <param index="10">
              <value>
                <![CDATA[Street1]]>
              </value>
            </param>
            <param index="11">
              <value>
                <![CDATA[Madhapur]]>
              </value>
            </param>
            <param index="12">
              <value>
                <![CDATA[500081]]>
              </value>
            </param>
            <param index="13">
              <value>
                <![CDATA[Telangana]]>
              </value>
            </param>
            <param index="14">
              <value>
                <![CDATA[8328935671]]>
              </value>
            </param>
          </params>
          <reporter-output>
          </reporter-output>
        </test-method> <!-- profileRegstionTest -->
        <test-method is-config="true" signature="closeBrowser()[pri:0, instance:testRunnerPckge.UserRegistrtionRuner@13fd2ccd]" started-at="2022-10-12T19:46:42 IST" name="closeBrowser" finished-at="2022-10-12T19:46:42 IST" duration-ms="44" status="PASS">
          <reporter-output>
          </reporter-output>
        </test-method> <!-- closeBrowser -->
      </class> <!-- testRunnerPckge.UserRegistrtionRuner -->
    </test> <!-- Default test -->
  </suite> <!-- Default suite -->
</testng-results>
